<?xml version="1.0" encoding="utf-8"?><testsuites name="pytest tests"><testsuite name="pytest" errors="0" failures="5" skipped="0" tests="41" time="48.121" timestamp="2026-08-30T08:02:45.037282+00:00" hostname="agent-env-fe3800d7-61d8-4c60-be4d-b52f73418bb3"><testcase classname="tests.test_missions.TestLLMMissions" name="test_m1_pass" time="8.200"><failure message="AssertionError: M1 should pass: Ottimo lavoro! Hai smontato l'iper-semplificazione con precisione, citando tre cause strutturali distinte e ben documentate. La distinzione tra piani causali (giuridico, economico, istituzionale) è chiara e le fonti sono usate in modo pertinente. Continua così: questo è il metodo dello storico. / []&#10;assert False is True">E   AssertionError: M1 should pass: Ottimo lavoro! Hai smontato l'iper-semplificazione con precisione, citando tre cause strutturali distinte e ben documentate. La distinzione tra piani causali (giuridico, economico, istituzionale) è chiara e le fonti sono usate in modo pertinente. Continua così: questo è il metodo dello storico. / []
    assert False is True</failure></testcase><testcase classname="tests.test_health" name="test_root" time="0.135" /><testcase classname="tests.test_health" name="test_classes" time="0.043" /><testcase classname="tests.test_health" name="test_sources_12" time="0.042" /><testcase classname="tests.test_health" name="test_rooms" time="1.641" /><testcase classname="tests.test_health" name="test_student_login_ok" time="0.055" /><testcase classname="tests.test_health" name="test_student_login_bad_pin" time="0.042" /><testcase classname="tests.test_health" name="test_student_login_short_name" time="0.042" /><testcase classname="tests.test_health" name="test_student_login_idempotent_user" time="0.084" /><testcase classname="tests.test_health" name="test_teacher_login" time="0.085" /><testcase classname="tests.test_health" name="test_mission_404" time="0.046" /><testcase classname="tests.test_health" name="test_session_404" time="0.043" /><testcase classname="tests.test_teacher.TestTeacher" name="test_overview_requires_pin" time="0.091" /><testcase classname="tests.test_teacher.TestTeacher" name="test_overview_structure_and_class_filter" time="0.364" /><testcase classname="tests.test_teacher.TestTeacher" name="test_attempts_log" time="0.255" /><testcase classname="tests.test_teacher.TestTeacher" name="test_override_updates_points_and_hours" time="0.506" /><testcase classname="tests.test_teacher.TestTeacher" name="test_override_missing_mission" time="0.214" /><testcase classname="tests.test_teacher.TestTeacher" name="test_leaderboard" time="0.123" /><testcase classname="tests.test_missions.TestMission2" name="test_m2_pass_with_bonus" time="0.168" /><testcase classname="tests.test_missions.TestMission2" name="test_m2_wrong_option_fails_and_decrements_attempts" time="0.131" /><testcase classname="tests.test_missions.TestMission2" name="test_m2_wrong_source_fails" time="0.127" /><testcase classname="tests.test_missions.TestMission2" name="test_m2_already_passed_rejects" time="0.173" /><testcase classname="tests.test_missions" name="test_session_create_and_resume" time="0.168" /><testcase classname="tests.test_missions" name="test_session_missions_hide_solutions" time="0.128" /><testcase classname="tests.test_missions" name="test_mission_seed_integrity" time="0.000" /><testcase classname="tests.test_missions.TestMission3" name="test_m3_all_correct" time="0.167" /><testcase classname="tests.test_missions.TestMission3" name="test_m3_six_correct_passes" time="0.127" /><testcase classname="tests.test_missions.TestMission3" name="test_m3_all_wrong_fails" time="0.130" /><testcase classname="tests.test_missions.TestHintAndForcedUnlock" name="test_hint_after_failed_attempt_applies_penalty" time="0.218" /><testcase classname="tests.test_missions.TestHintAndForcedUnlock" name="test_hint_before_any_attempt_is_free" time="0.167" /><testcase classname="tests.test_missions.TestHintAndForcedUnlock" name="test_forced_unlock_after_3_failed_attempts" time="0.279" /><testcase classname="tests.test_progress_persistence" name="test_current_mission_is_persisted_after_pass" time="0.171"><failure message="AssertionError: BUG: current_mission non persistito (DB=1). recompute() aggiorna solo missions/bonuses/total_points/credits/pbl_hours/credits_note.&#10;assert 1 == 3">E   AssertionError: BUG: current_mission non persistito (DB=1). recompute() aggiorna solo missions/bonuses/total_points/credits/pbl_hours/credits_note.
    assert 1 == 3</failure></testcase><testcase classname="tests.test_progress_persistence" name="test_current_mission_persisted_after_forced_unlock" time="0.254"><failure message="AssertionError: BUG: dopo lo sblocco forzato current_mission resta 1 nel DB -&gt; alla ripresa lo studente viene rimandato alla missione gia' sbloccata&#10;assert 1 == 3">E   AssertionError: BUG: dopo lo sblocco forzato current_mission resta 1 nel DB -&gt; alla ripresa lo studente viene rimandato alla missione gia' sbloccata
    assert 1 == 3</failure></testcase><testcase classname="tests.test_hint_edge" name="test_hint_after_pass_must_not_reduce_points" time="0.282"><failure message="AssertionError: BUG: l'indizio richiesto dopo il superamento riduce retroattivamente i punti a 11 (server.py take_hint applica la penalita' se completed=True)&#10;assert 11 == 16">E   AssertionError: BUG: l'indizio richiesto dopo il superamento riduce retroattivamente i punti a 11 (server.py take_hint applica la penalita' se completed=True)
    assert 11 == 16</failure></testcase><testcase classname="tests.test_missions.TestFullRun" name="test_complete_all_missions_and_finish" time="17.626" /><testcase classname="tests.test_missions.TestLLMMissions" name="test_m1_trivial_fails" time="8.477" /><testcase classname="tests.test_missions.TestLLMMissions" name="test_m4_pass_with_bonus" time="5.905" /><testcase classname="tests.test_missions.TestLLMMissions" name="test_m4_empty_fails" time="4.133" /><testcase classname="tests.test_rules_rca" name="test_rules_m1_collapses_distinct_causes_sharing_keyword" time="0.001"><failure message="AssertionError: BUG: rules_eval_m1 conta solo hits[0] per item, quindi 'crisi del 1929' e 'crisi della Societa' delle Nazioni' collassano nella stessa keyword 'crisi' -&gt; distinct=2&#10;assert False is True&#10; +  where False = Evaluation(score=25, criteria_met=['Almeno 1 causa strutturale'], criteria_missing=['Almeno 3 cause distinte valide'],... 2 cause distinte incluse cause strutturali.', passed=False, evaluator='rules', needs_teacher_review=True, bonus=False).passed">E   AssertionError: BUG: rules_eval_m1 conta solo hits[0] per item, quindi 'crisi del 1929' e 'crisi della Societa' delle Nazioni' collassano nella stessa keyword 'crisi' -&gt; distinct=2
    assert False is True
     +  where False = Evaluation(score=25, criteria_met=['Almeno 1 causa strutturale'], criteria_missing=['Almeno 3 cause distinte valide'],... 2 cause distinte incluse cause strutturali.', passed=False, evaluator='rules', needs_teacher_review=True, bonus=False).passed</failure></testcase><testcase classname="tests.test_missions.TestLLMMissions" name="test_m5_requires_4_sections_and_3_sources" time="13.709" /><testcase classname="tests.test_missions.TestLLMMissions" name="test_m5_pass" time="7.047" /></testsuite></testsuites>